<?xml version="1.0" encoding="UTF-8"?>
<!-- Generated by org.testng.reporters.JUnitReportReporter -->
<testsuite skipped="0" hostname="5CG44145W1" name="com.kalbi.test.regression.TestLogin513266" tests="1" failures="0" timestamp="13 Nov 2018 06:13:58 GMT" time="31.275" errors="0">
  <testcase name="testvalidLoginTC135467" time="31.275" classname="com.kalbi.test.regression.TestLogin513266"/>
</testsuite> <!-- com.kalbi.test.regression.TestLogin513266 -->
