<?xml version="1.0" encoding="UTF-8"?>
<!-- Generated by org.testng.reporters.JUnitReportReporter -->
<testsuite skipped="0" hostname="5CG44145W1" name="com.kalbi.test.smoke.TestLogin513265" tests="1" failures="0" timestamp="12 Nov 2018 19:06:32 GMT" time="32.768" errors="0">
  <testcase name="testInvalidLoginTC135462" time="32.768" classname="com.kalbi.test.smoke.TestLogin513265"/>
</testsuite> <!-- com.kalbi.test.smoke.TestLogin513265 -->
